d:\project\circledestroyer\proj.win32\debug.win32\circledestroyer.lib
d:\project\circledestroyer\proj.win32\debug.win32\circledestroyer.exp
d:\project\circledestroyer\proj.win32\debug.win32\vc142.pdb
d:\project\circledestroyer\proj.win32\debug.win32\vc142.idb
d:\project\circledestroyer\proj.win32\debug.win32\function_main.obj
d:\project\circledestroyer\proj.win32\debug.win32\task_system.obj
d:\project\circledestroyer\proj.win32\debug.win32\draw_spr.obj
d:\project\circledestroyer\proj.win32\debug.win32\texture.obj
d:\project\circledestroyer\proj.win32\debug.win32\sort.obj
d:\project\circledestroyer\proj.win32\debug.win32\font_pop.obj
d:\project\circledestroyer\proj.win32\debug.win32\battle.obj
d:\project\circledestroyer\proj.win32\debug.win32\sound.obj
d:\project\circledestroyer\proj.win32\debug.win32\title.obj
d:\project\circledestroyer\proj.win32\debug.win32\key_event.obj
d:\project\circledestroyer\proj.win32\debug.win32\game_main.obj
d:\project\circledestroyer\proj.win32\debug.win32\data_save.obj
d:\project\circledestroyer\proj.win32\debug.win32\calculation_work.obj
d:\project\circledestroyer\proj.win32\debug.win32\debug_system.obj
d:\project\circledestroyer\proj.win32\debug.win32\result.obj
d:\project\circledestroyer\proj.win32\debug.win32\appdelegate.obj
d:\project\circledestroyer\proj.win32\debug.win32\main.obj
d:\project\circledestroyer\proj.win32\debug.win32\helloworldscene.obj
d:\project\circledestroyer\proj.win32\debug.win32\game.res
d:\project\circledestroyer\proj.win32\debug.win32\libcocos2d.exp
d:\project\circledestroyer\proj.win32\debug.win32\libcocos2d.pdb
d:\project\circledestroyer\proj.win32\debug.win32\librecast.pdb
d:\project\circledestroyer\proj.win32\debug.win32\libspine.pdb
d:\project\circledestroyer\proj.win32\debug.win32\circledestroyer.tlog\circledestroyer.write.1u.tlog
d:\project\circledestroyer\proj.win32\debug.win32\circledestroyer.tlog\cl.command.1.tlog
d:\project\circledestroyer\proj.win32\debug.win32\circledestroyer.tlog\cl.read.1.tlog
d:\project\circledestroyer\proj.win32\debug.win32\circledestroyer.tlog\cl.write.1.tlog
d:\project\circledestroyer\proj.win32\debug.win32\circledestroyer.tlog\custombuildstep.read.1u.tlog
d:\project\circledestroyer\proj.win32\debug.win32\circledestroyer.tlog\custombuildstep.write.1u.tlog
d:\project\circledestroyer\proj.win32\debug.win32\circledestroyer.tlog\link.8664-cvtres.read.1.tlog
d:\project\circledestroyer\proj.win32\debug.win32\circledestroyer.tlog\link.8664-cvtres.write.1.tlog
d:\project\circledestroyer\proj.win32\debug.win32\circledestroyer.tlog\link.8664-rc.read.1.tlog
d:\project\circledestroyer\proj.win32\debug.win32\circledestroyer.tlog\link.8664-rc.write.1.tlog
d:\project\circledestroyer\proj.win32\debug.win32\circledestroyer.tlog\link.8664.read.1.tlog
d:\project\circledestroyer\proj.win32\debug.win32\circledestroyer.tlog\link.8664.write.1.tlog
d:\project\circledestroyer\proj.win32\debug.win32\circledestroyer.tlog\link.command.1.tlog
d:\project\circledestroyer\proj.win32\debug.win32\circledestroyer.tlog\link.read.1.tlog
d:\project\circledestroyer\proj.win32\debug.win32\circledestroyer.tlog\link.write.1.tlog
d:\project\circledestroyer\proj.win32\debug.win32\circledestroyer.tlog\rc.command.1.tlog
d:\project\circledestroyer\proj.win32\debug.win32\circledestroyer.tlog\rc.read.1.tlog
d:\project\circledestroyer\proj.win32\debug.win32\circledestroyer.tlog\rc.write.1.tlog
